<?xml version="1.0" encoding="UTF-8"?>
<robot generator="Robot 7.0 (Python 3.12.2 on win32)" generated="2024-02-25T08:10:20.632652" rpa="false" schemaversion="5">
<suite id="s1" name="Api Testing Usuarios" source="C:\CursoUdemy\RobotFramework\ApiTesting\tests\api_testing_usuarios.robot">
<test id="s1-t1" name="Cenário 01: Cadastrar um novo usuário com sucesso na ServeRest" line="6">
<kw name="Criar um usuário novo" owner="api_testing_usuarios">
<kw name="Generate Random String" owner="String">
<msg time="2024-02-25T08:10:20.769535" level="INFO">${palavra_aleatoria} = hkfj</msg>
<var>${palavra_aleatoria}</var>
<arg>length=4</arg>
<arg>chars=[LETTERS]</arg>
<doc>Generates a string with a desired ``length`` from the given ``chars``.</doc>
<status status="PASS" start="2024-02-25T08:10:20.768537" elapsed="0.000998"/>
</kw>
<kw name="Convert To Lower Case" owner="String">
<msg time="2024-02-25T08:10:20.769535" level="INFO">${palavra_aleatoria} = hkfj</msg>
<var>${palavra_aleatoria}</var>
<arg>${palavra_aleatoria}</arg>
<doc>Converts string to lower case.</doc>
<status status="PASS" start="2024-02-25T08:10:20.769535" elapsed="0.000000"/>
</kw>
<kw name="Set Test Variable" owner="BuiltIn">
<msg time="2024-02-25T08:10:20.770535" level="INFO">${EMAIL_TESTE} = hkfj@emailteste.com</msg>
<arg>${EMAIL_TESTE}</arg>
<arg>${palavra_aleatoria}@emailteste.com</arg>
<doc>Makes a variable available everywhere within the scope of the current test.</doc>
<status status="PASS" start="2024-02-25T08:10:20.769535" elapsed="0.001000"/>
</kw>
<kw name="Log" owner="BuiltIn">
<msg time="2024-02-25T08:10:20.770535" level="INFO">hkfj@emailteste.com</msg>
<arg>${EMAIL_TESTE}</arg>
<doc>Logs the given message with the given level.</doc>
<status status="PASS" start="2024-02-25T08:10:20.770535" elapsed="0.000000"/>
</kw>
<status status="PASS" start="2024-02-25T08:10:20.768537" elapsed="0.001998"/>
</kw>
<kw name="Cadastrar o usuário criado na ServeRest" owner="api_testing_usuarios">
<kw name="Create Dictionary" owner="BuiltIn">
<msg time="2024-02-25T08:10:20.771112" level="INFO">${body} = {'nome': 'Fulano da Silva', 'email': 'hkfj@emailteste.com', 'password': '1234', 'administrador': 'true'}</msg>
<var>${body}</var>
<arg>nome=Fulano da Silva</arg>
<arg>email=${email}</arg>
<arg>password=1234</arg>
<arg>administrador=true</arg>
<doc>Creates and returns a dictionary based on the given ``items``.</doc>
<status status="PASS" start="2024-02-25T08:10:20.771112" elapsed="0.000000"/>
</kw>
<kw name="Log" owner="BuiltIn">
<msg time="2024-02-25T08:10:20.772169" level="INFO">{'nome': 'Fulano da Silva', 'email': 'hkfj@emailteste.com', 'password': '1234', 'administrador': 'true'}</msg>
<arg>${body}</arg>
<doc>Logs the given message with the given level.</doc>
<status status="PASS" start="2024-02-25T08:10:20.771112" elapsed="0.001057"/>
</kw>
<kw name="Criar Sessão na ServeRest" owner="api_testing_usuarios">
<kw name="Create Dictionary" owner="BuiltIn">
<msg time="2024-02-25T08:10:20.772169" level="INFO">${headers} = {'accept': 'application/json', 'Content-Type': 'application/json'}</msg>
<var>${headers}</var>
<arg>accept=application/json</arg>
<arg>Content-Type=application/json</arg>
<doc>Creates and returns a dictionary based on the given ``items``.</doc>
<status status="PASS" start="2024-02-25T08:10:20.772169" elapsed="0.000000"/>
</kw>
<kw name="Create Session" owner="RequestsLibrary">
<msg time="2024-02-25T08:10:20.772169" level="INFO">Creating Session using : alias=ServeRest, url=https://serverest.dev, headers={'accept': 'application/json', 'Content-Type': 'application/json'},                     cookies={}, auth=None, timeout=None, proxies=None, verify=False,                     debug=0 </msg>
<arg>alias=ServeRest</arg>
<arg>url=https://serverest.dev</arg>
<arg>headers=${headers}</arg>
<doc>Create Session: create a HTTP session to a server</doc>
<status status="PASS" start="2024-02-25T08:10:20.772169" elapsed="0.000000"/>
</kw>
<status status="PASS" start="2024-02-25T08:10:20.772169" elapsed="0.000000"/>
</kw>
<kw name="POST On Session" owner="RequestsLibrary">
<msg time="2024-02-25T08:10:21.019270" level="INFO">POST Request : url=https://serverest.dev/usuarios 
 path_url=/usuarios 
 headers={'User-Agent': 'python-requests/2.31.0', 'Accept-Encoding': 'gzip, deflate', 'accept': 'application/json', 'Connection': 'keep-alive', 'Content-Type': 'application/json', 'Content-Length': '104'} 
 body=b'{"nome": "Fulano da Silva", "email": "hkfj@emailteste.com", "password": "1234", "administrador": "true"}' 
 </msg>
<msg time="2024-02-25T08:10:21.019270" level="INFO">POST Response : url=https://serverest.dev/usuarios 
 status=201, reason=Created 
 headers={'access-control-allow-origin': '*', 'x-dns-prefetch-control': 'off', 'x-frame-options': 'SAMEORIGIN', 'strict-transport-security': 'max-age=15552000; includeSubDomains', 'x-download-options': 'noopen', 'x-content-type-options': 'nosniff', 'x-xss-protection': '1; mode=block', 'content-type': 'application/json; charset=utf-8', 'X-Cloud-Trace-Context': '7ad61fb7132a6de55479c0a66ed80e4c', 'Date': 'Sun, 25 Feb 2024 07:10:20 GMT', 'Server': 'Google Frontend', 'Content-Length': '82'} 
 body={
    "message": "Cadastro realizado com sucesso",
    "_id": "bmaFaXoklVk8fDyq"
} 
 </msg>
<msg time="2024-02-25T08:10:21.020269" level="INFO">C:\Python312\Lib\site-packages\urllib3\connectionpool.py:1103: InsecureRequestWarning: Unverified HTTPS request is being made to host 'serverest.dev'. Adding certificate verification is strongly advised. See: https://urllib3.readthedocs.io/en/latest/advanced-usage.html#tls-warnings
  warnings.warn(</msg>
<msg time="2024-02-25T08:10:21.020559" level="INFO">${resposta} = &lt;Response [201]&gt;</msg>
<var>${resposta}</var>
<arg>alias=ServeRest</arg>
<arg>url=/usuarios</arg>
<arg>json=${body}</arg>
<arg>expected_status=${status_code_desejado}</arg>
<doc>Sends a POST request on a previously created HTTP Session.</doc>
<status status="PASS" start="2024-02-25T08:10:20.773173" elapsed="0.247386"/>
</kw>
<kw name="Log" owner="BuiltIn">
<msg time="2024-02-25T08:10:21.020559" level="INFO">{'message': 'Cadastro realizado com sucesso', '_id': 'bmaFaXoklVk8fDyq'}</msg>
<arg>${resposta.json()}</arg>
<doc>Logs the given message with the given level.</doc>
<status status="PASS" start="2024-02-25T08:10:21.020559" elapsed="0.001016"/>
</kw>
<if>
<branch type="IF" condition="${resposta.status_code} == 201">
<kw name="Set Test Variable" owner="BuiltIn">
<msg time="2024-02-25T08:10:21.022574" level="INFO">${ID_USUARIO} = bmaFaXoklVk8fDyq</msg>
<arg>${ID_USUARIO}</arg>
<arg>${resposta.json()["_id"]}</arg>
<doc>Makes a variable available everywhere within the scope of the current test.</doc>
<status status="PASS" start="2024-02-25T08:10:21.021575" elapsed="0.000999"/>
</kw>
<status status="PASS" start="2024-02-25T08:10:21.021575" elapsed="0.000999"/>
</branch>
<status status="PASS" start="2024-02-25T08:10:21.021575" elapsed="0.001998"/>
</if>
<kw name="Set Test Variable" owner="BuiltIn">
<msg time="2024-02-25T08:10:21.023573" level="INFO">${RESPOSTA} = {'message': 'Cadastro realizado com sucesso', '_id': 'bmaFaXoklVk8fDyq'}</msg>
<arg>${RESPOSTA}</arg>
<arg>${resposta.json()}</arg>
<doc>Makes a variable available everywhere within the scope of the current test.</doc>
<status status="PASS" start="2024-02-25T08:10:21.023573" elapsed="0.000000"/>
</kw>
<arg>email=${EMAIL_TESTE}</arg>
<arg>status_code_desejado=201</arg>
<status status="PASS" start="2024-02-25T08:10:20.771112" elapsed="0.252461"/>
</kw>
<kw name="Conferir se o usuário foi cadastrado corretamente" owner="api_testing_usuarios">
<kw name="Log" owner="BuiltIn">
<msg time="2024-02-25T08:10:21.024573" level="INFO">{'message': 'Cadastro realizado com sucesso', '_id': 'bmaFaXoklVk8fDyq'}</msg>
<arg>${RESPOSTA}</arg>
<doc>Logs the given message with the given level.</doc>
<status status="PASS" start="2024-02-25T08:10:21.024573" elapsed="0.000000"/>
</kw>
<kw name="Dictionary Should Contain Item" owner="Collections">
<msg time="2024-02-25T08:10:21.024573" level="INFO">False
False</msg>
<arg>${RESPOSTA}</arg>
<arg>message</arg>
<arg>Cadastro realizado com sucesso</arg>
<doc>An item of ``key`` / ``value`` must be found in a ``dictionary``.</doc>
<status status="PASS" start="2024-02-25T08:10:21.024573" elapsed="0.000000"/>
</kw>
<kw name="Dictionary Should Contain Key" owner="Collections">
<msg time="2024-02-25T08:10:21.026128" level="INFO">False</msg>
<arg>${RESPOSTA}</arg>
<arg>_id</arg>
<doc>Fails if ``key`` is not found from ``dictionary``.</doc>
<status status="PASS" start="2024-02-25T08:10:21.026128" elapsed="0.000000"/>
</kw>
<status status="PASS" start="2024-02-25T08:10:21.024573" elapsed="0.001555"/>
</kw>
<status status="PASS" start="2024-02-25T08:10:20.767553" elapsed="0.259410"/>
</test>
<test id="s1-t2" name="Cenário 02: Cadastrar um usuário já existente" line="11">
<kw name="Criar um usuário novo" owner="api_testing_usuarios">
<kw name="Generate Random String" owner="String">
<msg time="2024-02-25T08:10:21.028977" level="INFO">${palavra_aleatoria} = wFvK</msg>
<var>${palavra_aleatoria}</var>
<arg>length=4</arg>
<arg>chars=[LETTERS]</arg>
<doc>Generates a string with a desired ``length`` from the given ``chars``.</doc>
<status status="PASS" start="2024-02-25T08:10:21.028977" elapsed="0.000000"/>
</kw>
<kw name="Convert To Lower Case" owner="String">
<msg time="2024-02-25T08:10:21.029977" level="INFO">${palavra_aleatoria} = wfvk</msg>
<var>${palavra_aleatoria}</var>
<arg>${palavra_aleatoria}</arg>
<doc>Converts string to lower case.</doc>
<status status="PASS" start="2024-02-25T08:10:21.028977" elapsed="0.001000"/>
</kw>
<kw name="Set Test Variable" owner="BuiltIn">
<msg time="2024-02-25T08:10:21.030978" level="INFO">${EMAIL_TESTE} = wfvk@emailteste.com</msg>
<arg>${EMAIL_TESTE}</arg>
<arg>${palavra_aleatoria}@emailteste.com</arg>
<doc>Makes a variable available everywhere within the scope of the current test.</doc>
<status status="PASS" start="2024-02-25T08:10:21.029977" elapsed="0.001001"/>
</kw>
<kw name="Log" owner="BuiltIn">
<msg time="2024-02-25T08:10:21.030978" level="INFO">wfvk@emailteste.com</msg>
<arg>${EMAIL_TESTE}</arg>
<doc>Logs the given message with the given level.</doc>
<status status="PASS" start="2024-02-25T08:10:21.030978" elapsed="0.000000"/>
</kw>
<status status="PASS" start="2024-02-25T08:10:21.028977" elapsed="0.002001"/>
</kw>
<kw name="Cadastrar o usuário criado na ServeRest" owner="api_testing_usuarios">
<kw name="Create Dictionary" owner="BuiltIn">
<msg time="2024-02-25T08:10:21.032977" level="INFO">${body} = {'nome': 'Fulano da Silva', 'email': 'wfvk@emailteste.com', 'password': '1234', 'administrador': 'true'}</msg>
<var>${body}</var>
<arg>nome=Fulano da Silva</arg>
<arg>email=${email}</arg>
<arg>password=1234</arg>
<arg>administrador=true</arg>
<doc>Creates and returns a dictionary based on the given ``items``.</doc>
<status status="PASS" start="2024-02-25T08:10:21.031982" elapsed="0.000995"/>
</kw>
<kw name="Log" owner="BuiltIn">
<msg time="2024-02-25T08:10:21.032977" level="INFO">{'nome': 'Fulano da Silva', 'email': 'wfvk@emailteste.com', 'password': '1234', 'administrador': 'true'}</msg>
<arg>${body}</arg>
<doc>Logs the given message with the given level.</doc>
<status status="PASS" start="2024-02-25T08:10:21.032977" elapsed="0.000000"/>
</kw>
<kw name="Criar Sessão na ServeRest" owner="api_testing_usuarios">
<kw name="Create Dictionary" owner="BuiltIn">
<msg time="2024-02-25T08:10:21.033976" level="INFO">${headers} = {'accept': 'application/json', 'Content-Type': 'application/json'}</msg>
<var>${headers}</var>
<arg>accept=application/json</arg>
<arg>Content-Type=application/json</arg>
<doc>Creates and returns a dictionary based on the given ``items``.</doc>
<status status="PASS" start="2024-02-25T08:10:21.032977" elapsed="0.000999"/>
</kw>
<kw name="Create Session" owner="RequestsLibrary">
<msg time="2024-02-25T08:10:21.033976" level="INFO">Creating Session using : alias=ServeRest, url=https://serverest.dev, headers={'accept': 'application/json', 'Content-Type': 'application/json'},                     cookies={}, auth=None, timeout=None, proxies=None, verify=False,                     debug=0 </msg>
<arg>alias=ServeRest</arg>
<arg>url=https://serverest.dev</arg>
<arg>headers=${headers}</arg>
<doc>Create Session: create a HTTP session to a server</doc>
<status status="PASS" start="2024-02-25T08:10:21.033976" elapsed="0.000000"/>
</kw>
<status status="PASS" start="2024-02-25T08:10:21.032977" elapsed="0.000999"/>
</kw>
<kw name="POST On Session" owner="RequestsLibrary">
<msg time="2024-02-25T08:10:21.259868" level="INFO">POST Request : url=https://serverest.dev/usuarios 
 path_url=/usuarios 
 headers={'User-Agent': 'python-requests/2.31.0', 'Accept-Encoding': 'gzip, deflate', 'accept': 'application/json', 'Connection': 'keep-alive', 'Content-Type': 'application/json', 'Content-Length': '104'} 
 body=b'{"nome": "Fulano da Silva", "email": "wfvk@emailteste.com", "password": "1234", "administrador": "true"}' 
 </msg>
<msg time="2024-02-25T08:10:21.259868" level="INFO">POST Response : url=https://serverest.dev/usuarios 
 status=201, reason=Created 
 headers={'access-control-allow-origin': '*', 'x-dns-prefetch-control': 'off', 'x-frame-options': 'SAMEORIGIN', 'strict-transport-security': 'max-age=15552000; includeSubDomains', 'x-download-options': 'noopen', 'x-content-type-options': 'nosniff', 'x-xss-protection': '1; mode=block', 'content-type': 'application/json; charset=utf-8', 'X-Cloud-Trace-Context': 'fd1015b19aa326a7992a792e02691ac6', 'Date': 'Sun, 25 Feb 2024 07:10:20 GMT', 'Server': 'Google Frontend', 'Content-Length': '82'} 
 body={
    "message": "Cadastro realizado com sucesso",
    "_id": "wGKmAtE8iOpphWkx"
} 
 </msg>
<msg time="2024-02-25T08:10:21.259868" level="INFO">C:\Python312\Lib\site-packages\urllib3\connectionpool.py:1103: InsecureRequestWarning: Unverified HTTPS request is being made to host 'serverest.dev'. Adding certificate verification is strongly advised. See: https://urllib3.readthedocs.io/en/latest/advanced-usage.html#tls-warnings
  warnings.warn(</msg>
<msg time="2024-02-25T08:10:21.260820" level="INFO">${resposta} = &lt;Response [201]&gt;</msg>
<var>${resposta}</var>
<arg>alias=ServeRest</arg>
<arg>url=/usuarios</arg>
<arg>json=${body}</arg>
<arg>expected_status=${status_code_desejado}</arg>
<doc>Sends a POST request on a previously created HTTP Session.</doc>
<status status="PASS" start="2024-02-25T08:10:21.033976" elapsed="0.226844"/>
</kw>
<kw name="Log" owner="BuiltIn">
<msg time="2024-02-25T08:10:21.261790" level="INFO">{'message': 'Cadastro realizado com sucesso', '_id': 'wGKmAtE8iOpphWkx'}</msg>
<arg>${resposta.json()}</arg>
<doc>Logs the given message with the given level.</doc>
<status status="PASS" start="2024-02-25T08:10:21.261790" elapsed="0.000000"/>
</kw>
<if>
<branch type="IF" condition="${resposta.status_code} == 201">
<kw name="Set Test Variable" owner="BuiltIn">
<msg time="2024-02-25T08:10:21.264819" level="INFO">${ID_USUARIO} = wGKmAtE8iOpphWkx</msg>
<arg>${ID_USUARIO}</arg>
<arg>${resposta.json()["_id"]}</arg>
<doc>Makes a variable available everywhere within the scope of the current test.</doc>
<status status="PASS" start="2024-02-25T08:10:21.262836" elapsed="0.001983"/>
</kw>
<status status="PASS" start="2024-02-25T08:10:21.261790" elapsed="0.003029"/>
</branch>
<status status="PASS" start="2024-02-25T08:10:21.261790" elapsed="0.003029"/>
</if>
<kw name="Set Test Variable" owner="BuiltIn">
<msg time="2024-02-25T08:10:21.266423" level="INFO">${RESPOSTA} = {'message': 'Cadastro realizado com sucesso', '_id': 'wGKmAtE8iOpphWkx'}</msg>
<arg>${RESPOSTA}</arg>
<arg>${resposta.json()}</arg>
<doc>Makes a variable available everywhere within the scope of the current test.</doc>
<status status="PASS" start="2024-02-25T08:10:21.264819" elapsed="0.001604"/>
</kw>
<arg>email=${EMAIL_TESTE}</arg>
<arg>status_code_desejado=201</arg>
<status status="PASS" start="2024-02-25T08:10:21.031982" elapsed="0.234441"/>
</kw>
<kw name="Vou repetir o cadastro do usuário" owner="api_testing_usuarios">
<kw name="Cadastrar o usuário criado na ServeRest" owner="api_testing_usuarios">
<kw name="Create Dictionary" owner="BuiltIn">
<msg time="2024-02-25T08:10:21.268377" level="INFO">${body} = {'nome': 'Fulano da Silva', 'email': 'wfvk@emailteste.com', 'password': '1234', 'administrador': 'true'}</msg>
<var>${body}</var>
<arg>nome=Fulano da Silva</arg>
<arg>email=${email}</arg>
<arg>password=1234</arg>
<arg>administrador=true</arg>
<doc>Creates and returns a dictionary based on the given ``items``.</doc>
<status status="PASS" start="2024-02-25T08:10:21.268377" elapsed="0.000000"/>
</kw>
<kw name="Log" owner="BuiltIn">
<msg time="2024-02-25T08:10:21.268377" level="INFO">{'nome': 'Fulano da Silva', 'email': 'wfvk@emailteste.com', 'password': '1234', 'administrador': 'true'}</msg>
<arg>${body}</arg>
<doc>Logs the given message with the given level.</doc>
<status status="PASS" start="2024-02-25T08:10:21.268377" elapsed="0.000000"/>
</kw>
<kw name="Criar Sessão na ServeRest" owner="api_testing_usuarios">
<kw name="Create Dictionary" owner="BuiltIn">
<msg time="2024-02-25T08:10:21.269380" level="INFO">${headers} = {'accept': 'application/json', 'Content-Type': 'application/json'}</msg>
<var>${headers}</var>
<arg>accept=application/json</arg>
<arg>Content-Type=application/json</arg>
<doc>Creates and returns a dictionary based on the given ``items``.</doc>
<status status="PASS" start="2024-02-25T08:10:21.269380" elapsed="0.000000"/>
</kw>
<kw name="Create Session" owner="RequestsLibrary">
<msg time="2024-02-25T08:10:21.269380" level="INFO">Creating Session using : alias=ServeRest, url=https://serverest.dev, headers={'accept': 'application/json', 'Content-Type': 'application/json'},                     cookies={}, auth=None, timeout=None, proxies=None, verify=False,                     debug=0 </msg>
<arg>alias=ServeRest</arg>
<arg>url=https://serverest.dev</arg>
<arg>headers=${headers}</arg>
<doc>Create Session: create a HTTP session to a server</doc>
<status status="PASS" start="2024-02-25T08:10:21.269380" elapsed="0.000000"/>
</kw>
<status status="PASS" start="2024-02-25T08:10:21.269380" elapsed="0.000000"/>
</kw>
<kw name="POST On Session" owner="RequestsLibrary">
<msg time="2024-02-25T08:10:21.492445" level="INFO">POST Request : url=https://serverest.dev/usuarios 
 path_url=/usuarios 
 headers={'User-Agent': 'python-requests/2.31.0', 'Accept-Encoding': 'gzip, deflate', 'accept': 'application/json', 'Connection': 'keep-alive', 'Content-Type': 'application/json', 'Content-Length': '104'} 
 body=b'{"nome": "Fulano da Silva", "email": "wfvk@emailteste.com", "password": "1234", "administrador": "true"}' 
 </msg>
<msg time="2024-02-25T08:10:21.492445" level="INFO">POST Response : url=https://serverest.dev/usuarios 
 status=400, reason=Bad Request 
 headers={'access-control-allow-origin': '*', 'x-dns-prefetch-control': 'off', 'x-frame-options': 'SAMEORIGIN', 'strict-transport-security': 'max-age=15552000; includeSubDomains', 'x-download-options': 'noopen', 'x-content-type-options': 'nosniff', 'x-xss-protection': '1; mode=block', 'content-type': 'application/json; charset=utf-8', 'X-Cloud-Trace-Context': 'f90828aa3781b35675225b735374dcc3', 'Date': 'Sun, 25 Feb 2024 07:10:21 GMT', 'Server': 'Google Frontend', 'Content-Length': '53'} 
 body={
    "message": "Este email já está sendo usado"
} 
 </msg>
<msg time="2024-02-25T08:10:21.492445" level="INFO">C:\Python312\Lib\site-packages\urllib3\connectionpool.py:1103: InsecureRequestWarning: Unverified HTTPS request is being made to host 'serverest.dev'. Adding certificate verification is strongly advised. See: https://urllib3.readthedocs.io/en/latest/advanced-usage.html#tls-warnings
  warnings.warn(</msg>
<msg time="2024-02-25T08:10:21.493420" level="INFO">${resposta} = &lt;Response [400]&gt;</msg>
<var>${resposta}</var>
<arg>alias=ServeRest</arg>
<arg>url=/usuarios</arg>
<arg>json=${body}</arg>
<arg>expected_status=${status_code_desejado}</arg>
<doc>Sends a POST request on a previously created HTTP Session.</doc>
<status status="PASS" start="2024-02-25T08:10:21.270422" elapsed="0.222998"/>
</kw>
<kw name="Log" owner="BuiltIn">
<msg time="2024-02-25T08:10:21.494401" level="INFO">{'message': 'Este email já está sendo usado'}</msg>
<arg>${resposta.json()}</arg>
<doc>Logs the given message with the given level.</doc>
<status status="PASS" start="2024-02-25T08:10:21.493420" elapsed="0.000981"/>
</kw>
<if>
<branch type="IF" condition="${resposta.status_code} == 201">
<kw name="Set Test Variable" owner="BuiltIn">
<arg>${ID_USUARIO}</arg>
<arg>${resposta.json()["_id"]}</arg>
<doc>Makes a variable available everywhere within the scope of the current test.</doc>
<status status="NOT RUN" start="2024-02-25T08:10:21.494401" elapsed="0.000000"/>
</kw>
<status status="NOT RUN" start="2024-02-25T08:10:21.494401" elapsed="0.000000"/>
</branch>
<status status="PASS" start="2024-02-25T08:10:21.494401" elapsed="0.000000"/>
</if>
<kw name="Set Test Variable" owner="BuiltIn">
<msg time="2024-02-25T08:10:21.494401" level="INFO">${RESPOSTA} = {'message': 'Este email já está sendo usado'}</msg>
<arg>${RESPOSTA}</arg>
<arg>${resposta.json()}</arg>
<doc>Makes a variable available everywhere within the scope of the current test.</doc>
<status status="PASS" start="2024-02-25T08:10:21.494401" elapsed="0.000000"/>
</kw>
<arg>email=${EMAIL_TESTE}</arg>
<arg>status_code_desejado=400</arg>
<status status="PASS" start="2024-02-25T08:10:21.267380" elapsed="0.227021"/>
</kw>
<status status="PASS" start="2024-02-25T08:10:21.267380" elapsed="0.227021"/>
</kw>
<kw name="Verificar se a API não permitiu o cadastro repetido" owner="api_testing_usuarios">
<kw name="Dictionary Should Contain Item" owner="Collections">
<msg time="2024-02-25T08:10:21.496010" level="INFO">False
False</msg>
<arg>${RESPOSTA}</arg>
<arg>message</arg>
<arg>Este email já está sendo usado</arg>
<doc>An item of ``key`` / ``value`` must be found in a ``dictionary``.</doc>
<status status="PASS" start="2024-02-25T08:10:21.496010" elapsed="0.000000"/>
</kw>
<status status="PASS" start="2024-02-25T08:10:21.496010" elapsed="0.000000"/>
</kw>
<status status="PASS" start="2024-02-25T08:10:21.027980" elapsed="0.468938"/>
</test>
<test id="s1-t3" name="Cenário 03: Consultar os dados de um novo usuário" line="17">
<kw name="Criar um usuário novo" owner="api_testing_usuarios">
<kw name="Generate Random String" owner="String">
<msg time="2024-02-25T08:10:21.500107" level="INFO">${palavra_aleatoria} = PvXQ</msg>
<var>${palavra_aleatoria}</var>
<arg>length=4</arg>
<arg>chars=[LETTERS]</arg>
<doc>Generates a string with a desired ``length`` from the given ``chars``.</doc>
<status status="PASS" start="2024-02-25T08:10:21.498917" elapsed="0.001190"/>
</kw>
<kw name="Convert To Lower Case" owner="String">
<msg time="2024-02-25T08:10:21.501105" level="INFO">${palavra_aleatoria} = pvxq</msg>
<var>${palavra_aleatoria}</var>
<arg>${palavra_aleatoria}</arg>
<doc>Converts string to lower case.</doc>
<status status="PASS" start="2024-02-25T08:10:21.500107" elapsed="0.000998"/>
</kw>
<kw name="Set Test Variable" owner="BuiltIn">
<msg time="2024-02-25T08:10:21.502142" level="INFO">${EMAIL_TESTE} = pvxq@emailteste.com</msg>
<arg>${EMAIL_TESTE}</arg>
<arg>${palavra_aleatoria}@emailteste.com</arg>
<doc>Makes a variable available everywhere within the scope of the current test.</doc>
<status status="PASS" start="2024-02-25T08:10:21.501105" elapsed="0.001037"/>
</kw>
<kw name="Log" owner="BuiltIn">
<msg time="2024-02-25T08:10:21.502142" level="INFO">pvxq@emailteste.com</msg>
<arg>${EMAIL_TESTE}</arg>
<doc>Logs the given message with the given level.</doc>
<status status="PASS" start="2024-02-25T08:10:21.502142" elapsed="0.000000"/>
</kw>
<status status="PASS" start="2024-02-25T08:10:21.498917" elapsed="0.003225"/>
</kw>
<kw name="Cadastrar o usuário criado na ServeRest" owner="api_testing_usuarios">
<kw name="Create Dictionary" owner="BuiltIn">
<msg time="2024-02-25T08:10:21.503104" level="INFO">${body} = {'nome': 'Fulano da Silva', 'email': 'pvxq@emailteste.com', 'password': '1234', 'administrador': 'true'}</msg>
<var>${body}</var>
<arg>nome=Fulano da Silva</arg>
<arg>email=${email}</arg>
<arg>password=1234</arg>
<arg>administrador=true</arg>
<doc>Creates and returns a dictionary based on the given ``items``.</doc>
<status status="PASS" start="2024-02-25T08:10:21.503104" elapsed="0.000000"/>
</kw>
<kw name="Log" owner="BuiltIn">
<msg time="2024-02-25T08:10:21.504105" level="INFO">{'nome': 'Fulano da Silva', 'email': 'pvxq@emailteste.com', 'password': '1234', 'administrador': 'true'}</msg>
<arg>${body}</arg>
<doc>Logs the given message with the given level.</doc>
<status status="PASS" start="2024-02-25T08:10:21.504105" elapsed="0.000000"/>
</kw>
<kw name="Criar Sessão na ServeRest" owner="api_testing_usuarios">
<kw name="Create Dictionary" owner="BuiltIn">
<msg time="2024-02-25T08:10:21.505106" level="INFO">${headers} = {'accept': 'application/json', 'Content-Type': 'application/json'}</msg>
<var>${headers}</var>
<arg>accept=application/json</arg>
<arg>Content-Type=application/json</arg>
<doc>Creates and returns a dictionary based on the given ``items``.</doc>
<status status="PASS" start="2024-02-25T08:10:21.505106" elapsed="0.000000"/>
</kw>
<kw name="Create Session" owner="RequestsLibrary">
<msg time="2024-02-25T08:10:21.506150" level="INFO">Creating Session using : alias=ServeRest, url=https://serverest.dev, headers={'accept': 'application/json', 'Content-Type': 'application/json'},                     cookies={}, auth=None, timeout=None, proxies=None, verify=False,                     debug=0 </msg>
<arg>alias=ServeRest</arg>
<arg>url=https://serverest.dev</arg>
<arg>headers=${headers}</arg>
<doc>Create Session: create a HTTP session to a server</doc>
<status status="PASS" start="2024-02-25T08:10:21.505106" elapsed="0.001597"/>
</kw>
<status status="PASS" start="2024-02-25T08:10:21.504105" elapsed="0.002598"/>
</kw>
<kw name="POST On Session" owner="RequestsLibrary">
<msg time="2024-02-25T08:10:21.738387" level="INFO">POST Request : url=https://serverest.dev/usuarios 
 path_url=/usuarios 
 headers={'User-Agent': 'python-requests/2.31.0', 'Accept-Encoding': 'gzip, deflate', 'accept': 'application/json', 'Connection': 'keep-alive', 'Content-Type': 'application/json', 'Content-Length': '104'} 
 body=b'{"nome": "Fulano da Silva", "email": "pvxq@emailteste.com", "password": "1234", "administrador": "true"}' 
 </msg>
<msg time="2024-02-25T08:10:21.738387" level="INFO">POST Response : url=https://serverest.dev/usuarios 
 status=201, reason=Created 
 headers={'access-control-allow-origin': '*', 'x-dns-prefetch-control': 'off', 'x-frame-options': 'SAMEORIGIN', 'strict-transport-security': 'max-age=15552000; includeSubDomains', 'x-download-options': 'noopen', 'x-content-type-options': 'nosniff', 'x-xss-protection': '1; mode=block', 'content-type': 'application/json; charset=utf-8', 'X-Cloud-Trace-Context': '8dcf6e0c170520de2a8ebc62e7ed7b7d', 'Date': 'Sun, 25 Feb 2024 07:10:21 GMT', 'Server': 'Google Frontend', 'Content-Length': '82'} 
 body={
    "message": "Cadastro realizado com sucesso",
    "_id": "X1F1QMvpMfIsN59V"
} 
 </msg>
<msg time="2024-02-25T08:10:21.738387" level="INFO">C:\Python312\Lib\site-packages\urllib3\connectionpool.py:1103: InsecureRequestWarning: Unverified HTTPS request is being made to host 'serverest.dev'. Adding certificate verification is strongly advised. See: https://urllib3.readthedocs.io/en/latest/advanced-usage.html#tls-warnings
  warnings.warn(</msg>
<msg time="2024-02-25T08:10:21.739394" level="INFO">${resposta} = &lt;Response [201]&gt;</msg>
<var>${resposta}</var>
<arg>alias=ServeRest</arg>
<arg>url=/usuarios</arg>
<arg>json=${body}</arg>
<arg>expected_status=${status_code_desejado}</arg>
<doc>Sends a POST request on a previously created HTTP Session.</doc>
<status status="PASS" start="2024-02-25T08:10:21.506703" elapsed="0.232691"/>
</kw>
<kw name="Log" owner="BuiltIn">
<msg time="2024-02-25T08:10:21.739394" level="INFO">{'message': 'Cadastro realizado com sucesso', '_id': 'X1F1QMvpMfIsN59V'}</msg>
<arg>${resposta.json()}</arg>
<doc>Logs the given message with the given level.</doc>
<status status="PASS" start="2024-02-25T08:10:21.739394" elapsed="0.000000"/>
</kw>
<if>
<branch type="IF" condition="${resposta.status_code} == 201">
<kw name="Set Test Variable" owner="BuiltIn">
<msg time="2024-02-25T08:10:21.741433" level="INFO">${ID_USUARIO} = X1F1QMvpMfIsN59V</msg>
<arg>${ID_USUARIO}</arg>
<arg>${resposta.json()["_id"]}</arg>
<doc>Makes a variable available everywhere within the scope of the current test.</doc>
<status status="PASS" start="2024-02-25T08:10:21.740443" elapsed="0.000990"/>
</kw>
<status status="PASS" start="2024-02-25T08:10:21.740443" elapsed="0.000990"/>
</branch>
<status status="PASS" start="2024-02-25T08:10:21.740443" elapsed="0.000990"/>
</if>
<kw name="Set Test Variable" owner="BuiltIn">
<msg time="2024-02-25T08:10:21.742434" level="INFO">${RESPOSTA} = {'message': 'Cadastro realizado com sucesso', '_id': 'X1F1QMvpMfIsN59V'}</msg>
<arg>${RESPOSTA}</arg>
<arg>${resposta.json()}</arg>
<doc>Makes a variable available everywhere within the scope of the current test.</doc>
<status status="PASS" start="2024-02-25T08:10:21.741433" elapsed="0.001001"/>
</kw>
<arg>email=${EMAIL_TESTE}</arg>
<arg>status_code_desejado=201</arg>
<status status="PASS" start="2024-02-25T08:10:21.503104" elapsed="0.239330"/>
</kw>
<kw name="Consultar os dados do novo usuário" owner="api_testing_usuarios">
<kw name="GET On Session" owner="RequestsLibrary">
<msg time="2024-02-25T08:10:21.894191" level="INFO">GET Request : url=https://serverest.dev/usuarios/X1F1QMvpMfIsN59V 
 path_url=/usuarios/X1F1QMvpMfIsN59V 
 headers={'User-Agent': 'python-requests/2.31.0', 'Accept-Encoding': 'gzip, deflate', 'accept': 'application/json', 'Connection': 'keep-alive', 'Content-Type': 'application/json'} 
 body=None 
 </msg>
<msg time="2024-02-25T08:10:21.894191" level="INFO">GET Response : url=https://serverest.dev/usuarios/X1F1QMvpMfIsN59V 
 status=200, reason=OK 
 headers={'access-control-allow-origin': '*', 'x-dns-prefetch-control': 'off', 'x-frame-options': 'SAMEORIGIN', 'strict-transport-security': 'max-age=15552000; includeSubDomains', 'x-download-options': 'noopen', 'x-content-type-options': 'nosniff', 'x-xss-protection': '1; mode=block', 'content-type': 'application/json; charset=utf-8', 'X-Cloud-Trace-Context': 'e5665db603e4df491301b56fb49757c9', 'Date': 'Sun, 25 Feb 2024 07:10:21 GMT', 'Server': 'Google Frontend', 'Content-Length': '153'} 
 body={
    "nome": "Fulano da Silva",
    "email": "pvxq@emailteste.com",
    "password": "1234",
    "administrador": "true",
    "_id": "X1F1QMvpMfIsN59V"
} 
 </msg>
<msg time="2024-02-25T08:10:21.894191" level="INFO">C:\Python312\Lib\site-packages\urllib3\connectionpool.py:1103: InsecureRequestWarning: Unverified HTTPS request is being made to host 'serverest.dev'. Adding certificate verification is strongly advised. See: https://urllib3.readthedocs.io/en/latest/advanced-usage.html#tls-warnings
  warnings.warn(</msg>
<msg time="2024-02-25T08:10:21.895210" level="INFO">${resposta_consulta} = &lt;Response [200]&gt;</msg>
<var>${resposta_consulta}</var>
<arg>alias=ServeRest</arg>
<arg>url=/usuarios/${ID_USUARIO}</arg>
<arg>expected_status=200</arg>
<doc>Sends a GET request on a previously created HTTP Session.</doc>
<status status="PASS" start="2024-02-25T08:10:21.743395" elapsed="0.151815"/>
</kw>
<kw name="Log" owner="BuiltIn">
<msg time="2024-02-25T08:10:21.896207" level="INFO">200</msg>
<arg>${resposta_consulta.status_code}</arg>
<doc>Logs the given message with the given level.</doc>
<status status="PASS" start="2024-02-25T08:10:21.895210" elapsed="0.000997"/>
</kw>
<kw name="Log" owner="BuiltIn">
<msg time="2024-02-25T08:10:21.896207" level="INFO">OK</msg>
<arg>${resposta_consulta.reason}</arg>
<doc>Logs the given message with the given level.</doc>
<status status="PASS" start="2024-02-25T08:10:21.896207" elapsed="0.000000"/>
</kw>
<kw name="Log" owner="BuiltIn">
<msg time="2024-02-25T08:10:21.897574" level="INFO">{'access-control-allow-origin': '*', 'x-dns-prefetch-control': 'off', 'x-frame-options': 'SAMEORIGIN', 'strict-transport-security': 'max-age=15552000; includeSubDomains', 'x-download-options': 'noopen', 'x-content-type-options': 'nosniff', 'x-xss-protection': '1; mode=block', 'content-type': 'application/json; charset=utf-8', 'X-Cloud-Trace-Context': 'e5665db603e4df491301b56fb49757c9', 'Date': 'Sun, 25 Feb 2024 07:10:21 GMT', 'Server': 'Google Frontend', 'Content-Length': '153'}</msg>
<arg>${resposta_consulta.headers}</arg>
<doc>Logs the given message with the given level.</doc>
<status status="PASS" start="2024-02-25T08:10:21.896207" elapsed="0.001367"/>
</kw>
<kw name="Log" owner="BuiltIn">
<msg time="2024-02-25T08:10:21.897574" level="INFO">0:00:00.150003</msg>
<arg>${resposta_consulta.elapsed}</arg>
<doc>Logs the given message with the given level.</doc>
<status status="PASS" start="2024-02-25T08:10:21.897574" elapsed="0.000000"/>
</kw>
<kw name="Log" owner="BuiltIn">
<msg time="2024-02-25T08:10:21.899228" level="INFO">{
    "nome": "Fulano da Silva",
    "email": "pvxq@emailteste.com",
    "password": "1234",
    "administrador": "true",
    "_id": "X1F1QMvpMfIsN59V"
}</msg>
<arg>${resposta_consulta.text}</arg>
<doc>Logs the given message with the given level.</doc>
<status status="PASS" start="2024-02-25T08:10:21.897574" elapsed="0.001654"/>
</kw>
<kw name="Log" owner="BuiltIn">
<msg time="2024-02-25T08:10:21.899228" level="INFO">{'nome': 'Fulano da Silva', 'email': 'pvxq@emailteste.com', 'password': '1234', 'administrador': 'true', '_id': 'X1F1QMvpMfIsN59V'}</msg>
<arg>${resposta_consulta.json()}</arg>
<doc>Logs the given message with the given level.</doc>
<status status="PASS" start="2024-02-25T08:10:21.899228" elapsed="0.000000"/>
</kw>
<kw name="Set Test Variable" owner="BuiltIn">
<msg time="2024-02-25T08:10:21.900177" level="INFO">${RESP_CONSULTA} = {'nome': 'Fulano da Silva', 'email': 'pvxq@emailteste.com', 'password': '1234', 'administrador': 'true', '_id': 'X1F1QMvpMfIsN59V'}</msg>
<arg>${RESP_CONSULTA}</arg>
<arg>${resposta_consulta.json()}</arg>
<doc>Makes a variable available everywhere within the scope of the current test.</doc>
<status status="PASS" start="2024-02-25T08:10:21.899228" elapsed="0.000949"/>
</kw>
<status status="PASS" start="2024-02-25T08:10:21.743395" elapsed="0.156782"/>
</kw>
<kw name="Conferir os dados retornados" owner="api_testing_usuarios">
<kw name="Log" owner="BuiltIn">
<msg time="2024-02-25T08:10:21.901178" level="INFO">{'nome': 'Fulano da Silva', 'email': 'pvxq@emailteste.com', 'password': '1234', 'administrador': 'true', '_id': 'X1F1QMvpMfIsN59V'}</msg>
<arg>${RESP_CONSULTA}</arg>
<doc>Logs the given message with the given level.</doc>
<status status="PASS" start="2024-02-25T08:10:21.901178" elapsed="0.000000"/>
</kw>
<kw name="Dictionary Should Contain Item" owner="Collections">
<msg time="2024-02-25T08:10:21.901178" level="INFO">False
False</msg>
<arg>${RESP_CONSULTA}</arg>
<arg>nome</arg>
<arg>Fulano da Silva</arg>
<doc>An item of ``key`` / ``value`` must be found in a ``dictionary``.</doc>
<status status="PASS" start="2024-02-25T08:10:21.901178" elapsed="0.000000"/>
</kw>
<kw name="Dictionary Should Contain Item" owner="Collections">
<msg time="2024-02-25T08:10:21.902190" level="INFO">False
False</msg>
<arg>${RESP_CONSULTA}</arg>
<arg>email</arg>
<arg>${EMAIL_TESTE}</arg>
<doc>An item of ``key`` / ``value`` must be found in a ``dictionary``.</doc>
<status status="PASS" start="2024-02-25T08:10:21.902190" elapsed="0.000000"/>
</kw>
<kw name="Dictionary Should Contain Item" owner="Collections">
<msg time="2024-02-25T08:10:21.902190" level="INFO">False
False</msg>
<arg>${RESP_CONSULTA}</arg>
<arg>password</arg>
<arg>1234</arg>
<doc>An item of ``key`` / ``value`` must be found in a ``dictionary``.</doc>
<status status="PASS" start="2024-02-25T08:10:21.902190" elapsed="0.000000"/>
</kw>
<kw name="Dictionary Should Contain Item" owner="Collections">
<msg time="2024-02-25T08:10:21.902190" level="INFO">False
False</msg>
<arg>${RESP_CONSULTA}</arg>
<arg>administrador</arg>
<arg>true</arg>
<doc>An item of ``key`` / ``value`` must be found in a ``dictionary``.</doc>
<status status="PASS" start="2024-02-25T08:10:21.902190" elapsed="0.000000"/>
</kw>
<kw name="Dictionary Should Contain Item" owner="Collections">
<msg time="2024-02-25T08:10:21.902190" level="INFO">False
False</msg>
<arg>${RESP_CONSULTA}</arg>
<arg>_id</arg>
<arg>${ID_USUARIO}</arg>
<doc>An item of ``key`` / ``value`` must be found in a ``dictionary``.</doc>
<status status="PASS" start="2024-02-25T08:10:21.902190" elapsed="0.000000"/>
</kw>
<status status="PASS" start="2024-02-25T08:10:21.901178" elapsed="0.001012"/>
</kw>
<status status="PASS" start="2024-02-25T08:10:21.497915" elapsed="0.405273"/>
</test>
<status status="PASS" start="2024-02-25T08:10:20.633667" elapsed="1.271594"/>
</suite>
<statistics>
<total>
<stat pass="3" fail="0" skip="0">All Tests</stat>
</total>
<tag>
</tag>
<suite>
<stat pass="3" fail="0" skip="0" id="s1" name="Api Testing Usuarios">Api Testing Usuarios</stat>
</suite>
</statistics>
<errors>
</errors>
</robot>
